十二月 27, 2020 11:22:32 上午 org.apache.catalina.startup.VersionLoggerListener log
信息: Server version:        Apache Tomcat/7.0.64
十二月 27, 2020 11:22:32 上午 org.apache.catalina.startup.VersionLoggerListener log
信息: Server built:          Aug 19 2015 17:18:06 UTC
十二月 27, 2020 11:22:32 上午 org.apache.catalina.startup.VersionLoggerListener log
信息: Server number:         7.0.64.0
十二月 27, 2020 11:22:32 上午 org.apache.catalina.startup.VersionLoggerListener log
信息: OS Name:               Windows 10
十二月 27, 2020 11:22:32 上午 org.apache.catalina.startup.VersionLoggerListener log
信息: OS Version:            10.0
十二月 27, 2020 11:22:32 上午 org.apache.catalina.startup.VersionLoggerListener log
信息: Architecture:          amd64
十二月 27, 2020 11:22:32 上午 org.apache.catalina.startup.VersionLoggerListener log
信息: Java Home:             C:\Program Files\Java\jdk1.8.0_261\jre
十二月 27, 2020 11:22:32 上午 org.apache.catalina.startup.VersionLoggerListener log
信息: JVM Version:           1.8.0_261-b12
十二月 27, 2020 11:22:32 上午 org.apache.catalina.startup.VersionLoggerListener log
信息: JVM Vendor:            Oracle Corporation
十二月 27, 2020 11:22:32 上午 org.apache.catalina.startup.VersionLoggerListener log
信息: CATALINA_BASE:         D:\AaaSoft\juddi\juddi-distro-3.3.4\juddi-tomcat-3.3.4
十二月 27, 2020 11:22:32 上午 org.apache.catalina.startup.VersionLoggerListener log
信息: CATALINA_HOME:         D:\AaaSoft\juddi\juddi-distro-3.3.4\juddi-tomcat-3.3.4
十二月 27, 2020 11:22:32 上午 org.apache.catalina.startup.VersionLoggerListener log
信息: Command line argument: -Xms1024m
十二月 27, 2020 11:22:32 上午 org.apache.catalina.startup.VersionLoggerListener log
信息: Command line argument: -Xmx1024m
十二月 27, 2020 11:22:32 上午 org.apache.catalina.startup.VersionLoggerListener log
信息: Command line argument: -XX:MaxPermSize=512m
十二月 27, 2020 11:22:32 上午 org.apache.catalina.startup.VersionLoggerListener log
信息: Command line argument: -XX:PermSize=256M
十二月 27, 2020 11:22:32 上午 org.apache.catalina.startup.VersionLoggerListener log
信息: Command line argument: -Djavax.net.ssl.trustStore=truststore.jks
十二月 27, 2020 11:22:32 上午 org.apache.catalina.startup.VersionLoggerListener log
信息: Command line argument: -Djavax.net.ssl.trustStorePassword=password
十二月 27, 2020 11:22:32 上午 org.apache.catalina.startup.VersionLoggerListener log
信息: Command line argument: -Djavax.net.ssl.trustStore=truststore.jks
十二月 27, 2020 11:22:32 上午 org.apache.catalina.startup.VersionLoggerListener log
信息: Command line argument: -Djavax.net.ssl.trustStorePassword=password
十二月 27, 2020 11:22:32 上午 org.apache.catalina.startup.VersionLoggerListener log
信息: Command line argument: -Djavax.net.ssl.keyStore=../conf/keystore.jks
十二月 27, 2020 11:22:32 上午 org.apache.catalina.startup.VersionLoggerListener log
信息: Command line argument: -Djavax.net.ssl.keyStorePassword=password
十二月 27, 2020 11:22:32 上午 org.apache.catalina.startup.VersionLoggerListener log
信息: Command line argument: -Djava.util.logging.config.file=D:\AaaSoft\juddi\juddi-distro-3.3.4\juddi-tomcat-3.3.4\conf\logging.properties
十二月 27, 2020 11:22:32 上午 org.apache.catalina.startup.VersionLoggerListener log
信息: Command line argument: -Djava.util.logging.manager=org.apache.juli.ClassLoaderLogManager
十二月 27, 2020 11:22:32 上午 org.apache.catalina.startup.VersionLoggerListener log
信息: Command line argument: -Djava.endorsed.dirs=D:\AaaSoft\juddi\juddi-distro-3.3.4\juddi-tomcat-3.3.4\endorsed
十二月 27, 2020 11:22:32 上午 org.apache.catalina.startup.VersionLoggerListener log
信息: Command line argument: -Dcatalina.base=D:\AaaSoft\juddi\juddi-distro-3.3.4\juddi-tomcat-3.3.4
十二月 27, 2020 11:22:32 上午 org.apache.catalina.startup.VersionLoggerListener log
信息: Command line argument: -Dcatalina.home=D:\AaaSoft\juddi\juddi-distro-3.3.4\juddi-tomcat-3.3.4
十二月 27, 2020 11:22:32 上午 org.apache.catalina.startup.VersionLoggerListener log
信息: Command line argument: -Djava.io.tmpdir=D:\AaaSoft\juddi\juddi-distro-3.3.4\juddi-tomcat-3.3.4\temp
十二月 27, 2020 11:22:32 上午 org.apache.catalina.core.AprLifecycleListener lifecycleEvent
信息: The APR based Apache Tomcat Native library which allows optimal performance in production environments was not found on the java.library.path: C:\Program Files\Java\jdk1.8.0_261\bin;C:\Windows\Sun\Java\bin;C:\Windows\system32;C:\Windows;D:\AaaSoft\Anaconda;D:\AaaSoft\Anaconda\Library\mingw-w64\bin;D:\AaaSoft\Anaconda\Library\usr\bin;D:\AaaSoft\Anaconda\Library\bin;D:\AaaSoft\Anaconda\Scripts;D:\AaaSoft\Anaconda\bin;D:\AaaSoft\Anaconda\condabin;C:\Program Files (x86)\Common Files\Oracle\Java\javapath;D:\AaaSoft\Anaconda;D:\AaaSoft\Anaconda\Library\mingw-w64\bin;D:\AaaSoft\Anaconda\Library\usr\bin;D:\AaaSoft\Anaconda\Library\bin;D:\AaaSoft\Anaconda\Scripts;C:\Windows\system32;C:\Windows;C:\Windows\System32\Wbem;C:\Windows\System32\WindowsPowerShell\v1.0;C:\Windows\System32\OpenSSH;D:\AaaSoft\juddi\juddi-distro-3.3.4\juddi-tomcat-3.3.4\bin;D:\AaaSoft\juddi\juddi-distro-3.3.4\juddi-tomcat-3.3.4\lib;D:\Putty;D:\Program Files\Git\cmd;C:\Program Files\Java\jdk1.8.0_261\bin;C:\Program Files\Java\jdk1.8.0_261\jre\bin;C:\Program Files\MySQL\MySQL Server 5.5\bin;D:\AaaSoft\MySQL\MySQL Server 5.5\bin;D:\AaaSoft\maven\apache-maven-3.0.4\bin;D:\AaaSoft\nodejs;D:\AaaSoft\Azcopy\azcopy_windows_amd64_10.6.0;D:\Chrome\Dl\android-sdk-windows\tools;D:\Chrome\Dl\android-sdk-windows\platform-tools;D:\AaaSoft\MinGW64\mingw64\bin;D:\AaaSoft\MATLAB2019b\runtime\win64;D:\AaaSoft\MATLAB2019b\bin;D:\AaaSoft\MATLAB2019b\polyspace\bin;D:\AaaSoft\Tesseract-OCR5.0.0;D:\AaaSoft\Xshell;C:\Users\10650\AppData\Local\Microsoft\WindowsApps;D:\Vscode\Microsoft VS Code\bin;C:\Users\10650\AppData\Roaming\npm;.
十二月 27, 2020 11:22:32 上午 org.apache.coyote.AbstractProtocol init
信息: Initializing ProtocolHandler ["http-bio-8080"]
十二月 27, 2020 11:22:32 上午 org.apache.coyote.AbstractProtocol init
信息: Initializing ProtocolHandler ["http-bio-8443"]
十二月 27, 2020 11:22:33 上午 org.apache.coyote.AbstractProtocol init
信息: Initializing ProtocolHandler ["ajp-bio-8009"]
十二月 27, 2020 11:22:33 上午 org.apache.catalina.startup.Catalina load
信息: Initialization processed in 1299 ms
十二月 27, 2020 11:22:33 上午 org.apache.catalina.core.StandardService startInternal
信息: Starting service Catalina
十二月 27, 2020 11:22:33 上午 org.apache.catalina.core.StandardEngine startInternal
信息: Starting Servlet Engine: Apache Tomcat/7.0.64
十二月 27, 2020 11:22:33 上午 org.apache.catalina.startup.HostConfig deployDirectory
信息: Deploying web application directory D:\AaaSoft\juddi\juddi-distro-3.3.4\juddi-tomcat-3.3.4\webapps\docs
十二月 27, 2020 11:22:34 上午 org.apache.catalina.startup.TldConfig execute
信息: At least one JAR was scanned for TLDs yet contained no TLDs. Enable debug logging for this logger for a complete list of JARs that were scanned but no TLDs were found in them. Skipping unneeded JARs during scanning can improve startup time and JSP compilation time.
十二月 27, 2020 11:22:34 上午 org.apache.catalina.startup.HostConfig deployDirectory
信息: Deployment of web application directory D:\AaaSoft\juddi\juddi-distro-3.3.4\juddi-tomcat-3.3.4\webapps\docs has finished in 722 ms
十二月 27, 2020 11:22:34 上午 org.apache.catalina.startup.HostConfig deployDirectory
信息: Deploying web application directory D:\AaaSoft\juddi\juddi-distro-3.3.4\juddi-tomcat-3.3.4\webapps\examples
十二月 27, 2020 11:22:35 上午 org.apache.catalina.startup.TldConfig execute
信息: At least one JAR was scanned for TLDs yet contained no TLDs. Enable debug logging for this logger for a complete list of JARs that were scanned but no TLDs were found in them. Skipping unneeded JARs during scanning can improve startup time and JSP compilation time.
十二月 27, 2020 11:22:35 上午 org.apache.catalina.startup.HostConfig deployDirectory
信息: Deployment of web application directory D:\AaaSoft\juddi\juddi-distro-3.3.4\juddi-tomcat-3.3.4\webapps\examples has finished in 1,036 ms
十二月 27, 2020 11:22:35 上午 org.apache.catalina.startup.HostConfig deployDirectory
信息: Deploying web application directory D:\AaaSoft\juddi\juddi-distro-3.3.4\juddi-tomcat-3.3.4\webapps\host-manager
十二月 27, 2020 11:22:35 上午 org.apache.catalina.startup.TldConfig execute
信息: At least one JAR was scanned for TLDs yet contained no TLDs. Enable debug logging for this logger for a complete list of JARs that were scanned but no TLDs were found in them. Skipping unneeded JARs during scanning can improve startup time and JSP compilation time.
十二月 27, 2020 11:22:35 上午 org.apache.catalina.startup.HostConfig deployDirectory
信息: Deployment of web application directory D:\AaaSoft\juddi\juddi-distro-3.3.4\juddi-tomcat-3.3.4\webapps\host-manager has finished in 408 ms
十二月 27, 2020 11:22:35 上午 org.apache.catalina.startup.HostConfig deployDirectory
信息: Deploying web application directory D:\AaaSoft\juddi\juddi-distro-3.3.4\juddi-tomcat-3.3.4\webapps\juddi-gui
十二月 27, 2020 11:22:37 上午 org.apache.catalina.startup.TldConfig execute
信息: At least one JAR was scanned for TLDs yet contained no TLDs. Enable debug logging for this logger for a complete list of JARs that were scanned but no TLDs were found in them. Skipping unneeded JARs during scanning can improve startup time and JSP compilation time.
十二月 27, 2020 11:22:37 上午 org.apache.juddi.webconsole.StartupServlet contextInitialized
信息: juddi-gui startup
十二月 27, 2020 11:22:37 上午 org.apache.juddi.webconsole.StartupServlet contextInitialized
信息: Attempting to generate 256 bit AES key
十二月 27, 2020 11:22:37 上午 org.apache.juddi.webconsole.StartupServlet contextInitialized
信息: Generation of 256 bit AES key successful
十二月 27, 2020 11:22:37 上午 org.apache.juddi.webconsole.StartupServlet contextInitialized
信息: Storing key to D:\AaaSoft\juddi\juddi-distro-3.3.4\juddi-tomcat-3.3.4\webapps\juddi-gui\META-INF\config.properties
十二月 27, 2020 11:22:37 上午 org.apache.catalina.startup.HostConfig deployDirectory
信息: Deployment of web application directory D:\AaaSoft\juddi\juddi-distro-3.3.4\juddi-tomcat-3.3.4\webapps\juddi-gui has finished in 1,905 ms
十二月 27, 2020 11:22:37 上午 org.apache.catalina.startup.HostConfig deployDirectory
信息: Deploying web application directory D:\AaaSoft\juddi\juddi-distro-3.3.4\juddi-tomcat-3.3.4\webapps\juddiv3
十二月 27, 2020 11:22:40 上午 org.apache.catalina.startup.TldConfig execute
信息: At least one JAR was scanned for TLDs yet contained no TLDs. Enable debug logging for this logger for a complete list of JARs that were scanned but no TLDs were found in them. Skipping unneeded JARs during scanning can improve startup time and JSP compilation time.
十二月 27, 2020 11:22:44 上午 org.apache.cxf.service.factory.ReflectionServiceFactoryBean buildServiceFromClass
信息: Creating Service {urn:uddi-org:api_v3_portType}UDDIInquiryService from class org.uddi.v3_service.UDDIInquiryPortType
十二月 27, 2020 11:22:45 上午 org.apache.cxf.bus.spring.OldSpringSupport logWarning
警告: Import of META-INF/cxf/cxf-extension-soap.xml has been deprecated and is unnecessary.
十二月 27, 2020 11:22:45 上午 org.apache.cxf.endpoint.ServerImpl initDestination
信息: Setting the server's publish address to be /inquiry
十二月 27, 2020 11:22:45 上午 org.apache.cxf.service.factory.ReflectionServiceFactoryBean buildServiceFromClass
信息: Creating Service {urn:uddi-org:api_v3_portType}UDDIPublicationService from class org.uddi.v3_service.UDDIPublicationPortType
十二月 27, 2020 11:22:45 上午 org.apache.cxf.endpoint.ServerImpl initDestination
信息: Setting the server's publish address to be /publish
十二月 27, 2020 11:22:45 上午 org.apache.cxf.service.factory.ReflectionServiceFactoryBean buildServiceFromClass
信息: Creating Service {urn:uddi-org:api_v3_portType}UDDISecurityService from class org.uddi.v3_service.UDDISecurityPortType
十二月 27, 2020 11:22:45 上午 org.apache.cxf.endpoint.ServerImpl initDestination
信息: Setting the server's publish address to be /security
十二月 27, 2020 11:22:45 上午 org.apache.cxf.service.factory.ReflectionServiceFactoryBean buildServiceFromClass
信息: Creating Service {urn:uddi-org:api_v3_portType}UDDISubscriptionService from class org.uddi.v3_service.UDDISubscriptionPortType
十二月 27, 2020 11:22:45 上午 org.apache.cxf.endpoint.ServerImpl initDestination
信息: Setting the server's publish address to be /subscription
十二月 27, 2020 11:22:45 上午 org.apache.cxf.service.factory.ReflectionServiceFactoryBean buildServiceFromClass
信息: Creating Service {urn:uddi-org:api_v3_portType}UDDISubscriptionListenerService from class org.uddi.v3_service.UDDISubscriptionListenerPortType
十二月 27, 2020 11:22:45 上午 org.apache.cxf.endpoint.ServerImpl initDestination
信息: Setting the server's publish address to be /subscription-listener
十二月 27, 2020 11:22:45 上午 org.apache.cxf.service.factory.ReflectionServiceFactoryBean buildServiceFromClass
信息: Creating Service {urn:uddi-org:v3_service}UDDICustodyTransferService from class org.uddi.v3_service.UDDICustodyTransferPortType
十二月 27, 2020 11:22:46 上午 org.apache.cxf.endpoint.ServerImpl initDestination
信息: Setting the server's publish address to be /custody-transfer
十二月 27, 2020 11:22:46 上午 org.apache.cxf.service.factory.ReflectionServiceFactoryBean buildServiceFromClass
信息: Creating Service {http://impl.api.juddi.apache.org/}UDDIValueSetValidationImplService from class org.uddi.v3_service.UDDIValueSetValidationPortType
十二月 27, 2020 11:22:46 上午 org.apache.cxf.endpoint.ServerImpl initDestination
信息: Setting the server's publish address to be /valueset-validation
十二月 27, 2020 11:22:46 上午 org.apache.cxf.service.factory.ReflectionServiceFactoryBean buildServiceFromClass
信息: Creating Service {http://impl.api.juddi.apache.org/}UDDIValueSetCachingImplService from class org.uddi.v3_service.UDDIValueSetCachingPortType
十二月 27, 2020 11:22:46 上午 org.apache.cxf.endpoint.ServerImpl initDestination
信息: Setting the server's publish address to be /valueset-caching
十二月 27, 2020 11:22:46 上午 org.apache.cxf.service.factory.ReflectionServiceFactoryBean buildServiceFromClass
信息: Creating Service {urn:uddi-org:inquiry_v2}Inquire from class org.uddi.v2_service.Inquire
十二月 27, 2020 11:22:46 上午 org.apache.cxf.endpoint.ServerImpl initDestination
信息: Setting the server's publish address to be /inquiryv2
十二月 27, 2020 11:22:46 上午 org.apache.cxf.service.factory.ReflectionServiceFactoryBean buildServiceFromClass
信息: Creating Service {urn:uddi-org:publication_v2}Publish from class org.uddi.v2_service.Publish
十二月 27, 2020 11:22:46 上午 org.apache.cxf.endpoint.ServerImpl initDestination
信息: Setting the server's publish address to be /publishv2
十二月 27, 2020 11:22:46 上午 org.apache.cxf.service.factory.ReflectionServiceFactoryBean buildServiceFromWSDL
信息: Creating Service {urn:juddi-apache-org:v3_service}JUDDIApiService from WSDL: classpath:/juddi_api_v1.wsdl
十二月 27, 2020 11:22:47 上午 org.apache.cxf.endpoint.ServerImpl initDestination
信息: Setting the server's publish address to be /juddi-api
十二月 27, 2020 11:22:47 上午 org.apache.cxf.endpoint.ServerImpl initDestination
信息: Setting the server's publish address to be /inquiryRest
十二月 27, 2020 11:22:47 上午 org.apache.juddi.adminconsole.StartupServlet contextInitialized
信息: juddi-admin gui startup
十二月 27, 2020 11:22:47 上午 org.apache.juddi.adminconsole.StartupServlet generateKey
信息: Attempting to generate 256 bit AES key
十二月 27, 2020 11:22:47 上午 org.apache.juddi.adminconsole.StartupServlet generateKey
信息: Generation of 256 bit AES key successful
十二月 27, 2020 11:22:47 上午 org.apache.juddi.adminconsole.StartupServlet contextInitialized
信息: Storing key to D:\AaaSoft\juddi\juddi-distro-3.3.4\juddi-tomcat-3.3.4\webapps\juddiv3\WEB-INF\config.properties
十二月 27, 2020 11:22:47 上午 org.apache.catalina.startup.HostConfig deployDirectory
信息: Deployment of web application directory D:\AaaSoft\juddi\juddi-distro-3.3.4\juddi-tomcat-3.3.4\webapps\juddiv3 has finished in 9,659 ms
十二月 27, 2020 11:22:47 上午 org.apache.catalina.startup.HostConfig deployDirectory
信息: Deploying web application directory D:\AaaSoft\juddi\juddi-distro-3.3.4\juddi-tomcat-3.3.4\webapps\juddiv3replication
十二月 27, 2020 11:22:50 上午 org.apache.catalina.startup.TldConfig execute
信息: At least one JAR was scanned for TLDs yet contained no TLDs. Enable debug logging for this logger for a complete list of JARs that were scanned but no TLDs were found in them. Skipping unneeded JARs during scanning can improve startup time and JSP compilation time.
十二月 27, 2020 11:22:52 上午 org.apache.cxf.service.factory.ReflectionServiceFactoryBean buildServiceFromClass
信息: Creating Service {urn:uddi-org:api_v3_portType}UDDI_Replication_PortType from class org.uddi.v3_service.UDDIReplicationPortType
十二月 27, 2020 11:22:53 上午 org.apache.cxf.bus.spring.OldSpringSupport logWarning
警告: Import of META-INF/cxf/cxf-extension-soap.xml has been deprecated and is unnecessary.
十二月 27, 2020 11:22:53 上午 org.apache.cxf.endpoint.ServerImpl initDestination
信息: Setting the server's publish address to be /replication
十二月 27, 2020 11:22:53 上午 org.apache.juddi.adminconsole.StartupServlet contextInitialized
信息: juddi-admin gui startup
十二月 27, 2020 11:22:53 上午 org.apache.juddi.adminconsole.StartupServlet generateKey
信息: Attempting to generate 256 bit AES key
十二月 27, 2020 11:22:53 上午 org.apache.juddi.adminconsole.StartupServlet generateKey
信息: Generation of 256 bit AES key successful
十二月 27, 2020 11:22:53 上午 org.apache.juddi.adminconsole.StartupServlet contextInitialized
信息: Storing key to D:\AaaSoft\juddi\juddi-distro-3.3.4\juddi-tomcat-3.3.4\webapps\juddiv3replication\WEB-INF\config.properties
十二月 27, 2020 11:22:53 上午 org.apache.catalina.startup.HostConfig deployDirectory
信息: Deployment of web application directory D:\AaaSoft\juddi\juddi-distro-3.3.4\juddi-tomcat-3.3.4\webapps\juddiv3replication has finished in 6,198 ms
十二月 27, 2020 11:22:53 上午 org.apache.catalina.startup.HostConfig deployDirectory
信息: Deploying web application directory D:\AaaSoft\juddi\juddi-distro-3.3.4\juddi-tomcat-3.3.4\webapps\manager
十二月 27, 2020 11:22:53 上午 org.apache.catalina.startup.TldConfig execute
信息: At least one JAR was scanned for TLDs yet contained no TLDs. Enable debug logging for this logger for a complete list of JARs that were scanned but no TLDs were found in them. Skipping unneeded JARs during scanning can improve startup time and JSP compilation time.
十二月 27, 2020 11:22:53 上午 org.apache.catalina.startup.HostConfig deployDirectory
信息: Deployment of web application directory D:\AaaSoft\juddi\juddi-distro-3.3.4\juddi-tomcat-3.3.4\webapps\manager has finished in 307 ms
十二月 27, 2020 11:22:53 上午 org.apache.catalina.startup.HostConfig deployDirectory
信息: Deploying web application directory D:\AaaSoft\juddi\juddi-distro-3.3.4\juddi-tomcat-3.3.4\webapps\ROOT
十二月 27, 2020 11:22:54 上午 org.apache.catalina.startup.TldConfig execute
信息: At least one JAR was scanned for TLDs yet contained no TLDs. Enable debug logging for this logger for a complete list of JARs that were scanned but no TLDs were found in them. Skipping unneeded JARs during scanning can improve startup time and JSP compilation time.
十二月 27, 2020 11:22:54 上午 org.apache.catalina.startup.HostConfig deployDirectory
信息: Deployment of web application directory D:\AaaSoft\juddi\juddi-distro-3.3.4\juddi-tomcat-3.3.4\webapps\ROOT has finished in 242 ms
十二月 27, 2020 11:22:54 上午 org.apache.coyote.AbstractProtocol start
信息: Starting ProtocolHandler ["http-bio-8080"]
十二月 27, 2020 11:22:54 上午 org.apache.coyote.AbstractProtocol start
信息: Starting ProtocolHandler ["http-bio-8443"]
十二月 27, 2020 11:22:54 上午 org.apache.coyote.AbstractProtocol start
信息: Starting ProtocolHandler ["ajp-bio-8009"]
十二月 27, 2020 11:22:54 上午 org.apache.catalina.startup.Catalina start
信息: Server startup in 20538 ms
