2020-12-27 11:22:40,898 INFO [org.springframework.web.context.ContextLoader] - Root WebApplicationContext: initialization started
2020-12-27 11:22:40,962 INFO [org.springframework.web.context.support.XmlWebApplicationContext] - Refreshing Root WebApplicationContext: startup date [Sun Dec 27 11:22:40 CST 2020]; root of context hierarchy
2020-12-27 11:22:41,016 INFO [org.springframework.beans.factory.xml.XmlBeanDefinitionReader] - Loading XML bean definitions from ServletContext resource [/WEB-INF/beans.xml]
2020-12-27 11:22:41,240 INFO [org.springframework.beans.factory.xml.XmlBeanDefinitionReader] - Loading XML bean definitions from class path resource [META-INF/cxf/cxf.xml]
2020-12-27 11:22:41,268 INFO [org.springframework.beans.factory.xml.XmlBeanDefinitionReader] - Loading XML bean definitions from class path resource [META-INF/cxf/cxf-extension-soap.xml]
2020-12-27 11:22:41,289 INFO [org.springframework.beans.factory.xml.XmlBeanDefinitionReader] - Loading XML bean definitions from class path resource [META-INF/cxf/cxf-servlet.xml]
2020-12-27 11:22:41,483 INFO [org.springframework.beans.factory.support.DefaultListableBeanFactory] - Pre-instantiating singletons in org.springframework.beans.factory.support.DefaultListableBeanFactory@40d055d4: defining beans [cxf,org.apache.cxf.bus.spring.BusWiringBeanFactoryPostProcessor,org.apache.cxf.bus.spring.Jsr250BeanPostProcessor,org.apache.cxf.bus.spring.BusExtensionPostProcessor,org.apache.cxf.binding.soap.SoapBindingFactory,org.apache.cxf.binding.soap.SoapTransportFactory,org.apache.cxf.binding.soap.customEditorConfigurer,inquiry,publish,security,subscription,subscription-listener,custody-transfer,valueset-validation,valueset-caching,inquiryv2,publishv2,juddi-api,jsonNamespaceMap,inquiryRestService,inquiryRest,jsonProvider,jaxbProvider]; root of factory hierarchy
2020-12-27 11:22:41,654 INFO [org.apache.juddi.config.AppConfig] - Reading from jUDDI config file from:  file:/D:/AaaSoft/juddi/juddi-distro-3.3.4/juddi-tomcat-3.3.4/webapps/juddiv3/WEB-INF/classes/juddiv3.xml
2020-12-27 11:22:41,825 INFO [org.hibernate.annotations.common.Version] - HCANN000001: Hibernate Commons Annotations {4.0.2.Final}
2020-12-27 11:22:41,832 INFO [org.hibernate.Version] - HHH000412: Hibernate Core {4.2.21.Final}
2020-12-27 11:22:41,834 INFO [org.hibernate.cfg.Environment] - HHH000206: hibernate.properties not found
2020-12-27 11:22:41,836 INFO [org.hibernate.cfg.Environment] - HHH000021: Bytecode provider name : javassist
2020-12-27 11:22:43,903 INFO [org.apache.juddi.config.Install] - Checking if jUDDI is seeded by searching for root publisher root
2020-12-27 11:22:44,251 INFO [org.apache.juddi.api.impl.UDDIServiceCounter] - Found MBean server
2020-12-27 11:22:45,413 INFO [org.apache.juddi.api.impl.UDDIServiceCounter] - Found MBean server
2020-12-27 11:22:45,570 INFO [org.apache.juddi.api.impl.UDDIServiceCounter] - Found MBean server
2020-12-27 11:22:45,735 INFO [org.apache.juddi.api.impl.UDDIServiceCounter] - Found MBean server
2020-12-27 11:22:45,965 INFO [org.apache.juddi.api.impl.UDDIServiceCounter] - Found MBean server
2020-12-27 11:22:46,071 INFO [org.apache.juddi.api.impl.UDDIServiceCounter] - Found MBean server
2020-12-27 11:22:46,174 INFO [org.apache.juddi.api.impl.UDDIServiceCounter] - Found MBean server
2020-12-27 11:22:46,287 WARN [org.apache.juddi.api.impl.UDDIv2InquiryImpl] - This implementation of UDDIv2 Inquire service org.apache.juddi.api.impl.UDDIv2InquiryImpl is considered BETA. Please report any issues to https://issues.apache.org/jira/browse/JUDDI
2020-12-27 11:22:46,445 WARN [org.apache.juddi.api.impl.UDDIv2PublishImpl] - This implementation of UDDIv2 Publish service org.apache.juddi.api.impl.UDDIv2PublishImpl is considered BETA. Please report any issues to https://issues.apache.org/jira/browse/JUDDI
2020-12-27 11:22:46,498 INFO [org.apache.juddi.api.impl.UDDIServiceCounter] - Found MBean server
2020-12-27 11:22:47,296 INFO [org.springframework.web.context.ContextLoader] - Root WebApplicationContext: initialization completed in 6397 ms
2020-12-27 11:22:47,318 INFO [org.apache.juddi.Registry] - Starting jUDDI registry...This is node uddi:juddi.apache.org:node1
2020-12-27 11:22:47,405 INFO [org.apache.juddi.config.AppConfig] - Reading from jUDDI config file from:  file:/D:/AaaSoft/juddi/juddi-distro-3.3.4/juddi-tomcat-3.3.4/webapps/juddiv3/WEB-INF/classes/juddiv3.xml
2020-12-27 11:22:47,406 INFO [org.apache.juddi.config.Install] - Checking if jUDDI is seeded by searching for root publisher root
2020-12-27 11:22:47,418 INFO [org.apache.juddi.Registry] - jUDDI registry started successfully.
2020-12-27 11:22:50,293 INFO [org.springframework.web.context.ContextLoader] - Root WebApplicationContext: initialization started
2020-12-27 11:22:50,349 INFO [org.springframework.web.context.support.XmlWebApplicationContext] - Refreshing Root WebApplicationContext: startup date [Sun Dec 27 11:22:50 CST 2020]; root of context hierarchy
2020-12-27 11:22:50,386 INFO [org.springframework.beans.factory.xml.XmlBeanDefinitionReader] - Loading XML bean definitions from ServletContext resource [/WEB-INF/beans.xml]
2020-12-27 11:22:50,437 INFO [org.springframework.beans.factory.xml.XmlBeanDefinitionReader] - Loading XML bean definitions from class path resource [META-INF/cxf/cxf.xml]
2020-12-27 11:22:50,452 INFO [org.springframework.beans.factory.xml.XmlBeanDefinitionReader] - Loading XML bean definitions from class path resource [META-INF/cxf/cxf-extension-soap.xml]
2020-12-27 11:22:50,467 INFO [org.springframework.beans.factory.xml.XmlBeanDefinitionReader] - Loading XML bean definitions from class path resource [META-INF/cxf/cxf-servlet.xml]
2020-12-27 11:22:50,615 INFO [org.springframework.beans.factory.support.DefaultListableBeanFactory] - Pre-instantiating singletons in org.springframework.beans.factory.support.DefaultListableBeanFactory@21b4f502: defining beans [cxf,org.apache.cxf.bus.spring.BusWiringBeanFactoryPostProcessor,org.apache.cxf.bus.spring.Jsr250BeanPostProcessor,org.apache.cxf.bus.spring.BusExtensionPostProcessor,org.apache.cxf.binding.soap.SoapBindingFactory,org.apache.cxf.binding.soap.SoapTransportFactory,org.apache.cxf.binding.soap.customEditorConfigurer,replication]; root of factory hierarchy
2020-12-27 11:22:50,784 INFO [org.apache.juddi.config.AppConfig] - Reading from jUDDI config file from:  file:/D:/AaaSoft/juddi/juddi-distro-3.3.4/juddi-tomcat-3.3.4/webapps/juddiv3replication/WEB-INF/classes/juddiv3.xml
2020-12-27 11:22:50,994 INFO [org.hibernate.annotations.common.Version] - HCANN000001: Hibernate Commons Annotations {4.0.2.Final}
2020-12-27 11:22:51,002 INFO [org.hibernate.Version] - HHH000412: Hibernate Core {4.2.21.Final}
2020-12-27 11:22:51,004 INFO [org.hibernate.cfg.Environment] - HHH000206: hibernate.properties not found
2020-12-27 11:22:51,006 INFO [org.hibernate.cfg.Environment] - HHH000021: Bytecode provider name : javassist
2020-12-27 11:22:52,110 INFO [org.apache.juddi.config.Install] - Checking if jUDDI is seeded by searching for root publisher root
2020-12-27 11:22:52,440 INFO [org.apache.juddi.api.impl.UDDIServiceCounter] - Found MBean server
2020-12-27 11:22:52,440 INFO [org.apache.juddi.api.impl.UDDIServiceCounter] - Found MBean server
2020-12-27 11:22:53,438 INFO [org.springframework.web.context.ContextLoader] - Root WebApplicationContext: initialization completed in 3145 ms
2020-12-27 11:22:53,456 INFO [org.apache.juddi.Registry] - Starting jUDDI registry...This is node uddi:juddi.apache.org:node1
2020-12-27 11:22:53,602 INFO [org.apache.juddi.config.AppConfig] - Reading from jUDDI config file from:  file:/D:/AaaSoft/juddi/juddi-distro-3.3.4/juddi-tomcat-3.3.4/webapps/juddiv3replication/WEB-INF/classes/juddiv3.xml
2020-12-27 11:22:53,603 INFO [org.apache.juddi.config.Install] - Checking if jUDDI is seeded by searching for root publisher root
2020-12-27 11:22:53,617 INFO [org.apache.juddi.api.impl.UDDIServiceCounter] - Found MBean server
2020-12-27 11:22:53,618 INFO [org.apache.juddi.Registry] - jUDDI registry started successfully.
